#
# A fatal error has been detected by the Java Runtime Environment:
#
#  EXCEPTION_ACCESS_VIOLATION (0xc0000005) at pc=0x000000005aaa58b9, pid=10328, tid=0x000000000000281c
#
# JRE version: Java(TM) SE Runtime Environment (8.0_121-b13) (build 1.8.0_121-b13)
# Java VM: Java HotSpot(TM) 64-Bit Server VM (25.121-b13 mixed mode windows-amd64 compressed oops)
# Problematic frame:
# V  [jvm.dll+0x1458b9]
#
# Failed to write core dump. Minidumps are not enabled by default on client versions of Windows
#
# If you would like to submit a bug report, please visit:
#   http://bugreport.java.com/bugreport/crash.jsp
#

---------------  T H R E A D  ---------------

Current thread (0x0000000016ec4000):  JavaThread "AWT-EventQueue-0" [_thread_in_vm, id=10268, stack(0x00000000173e0000,0x00000000174e0000)]

siginfo: ExceptionCode=0xc0000005, reading address 0x0000000000000000

Registers:
RAX=0x0000000000000000, RBX=0x0000000016ec4000, RCX=0x0000000000000400, RDX=0x0000000000000000
RSP=0x00000000174d6f70, RBP=0x0000000016ec41f8, RSI=0x000000001d530080, RDI=0x0000000000000000
R8 =0x000000000000061a, R9 =0x000000001d530000, R10=0x000000001a7e79f0, R11=0x0000000000000000
R12=0x0000000000000000, R13=0x0000000000000000, R14=0x0000000000000165, R15=0x0000000016ec4000
RIP=0x000000005aaa58b9, EFLAGS=0x0000000000010202

Top of Stack: (sp=0x00000000174d6f70)
0x00000000174d6f70:   0000000016ec4000 0000000016ebfa10
0x00000000174d6f80:   000000001d0b0f28 00000000174d7130
0x00000000174d6f90:   0000000000000108 00007fff349013ae
0x00000000174d6fa0:   000000001d0b0f28 00000000155e4150
0x00000000174d6fb0:   00000000000003d8 00000000155e4160
0x00000000174d6fc0:   000000001d0b0f28 0000000016ec4000
0x00000000174d6fd0:   000000001d0b0f28 0000000016ec4000
0x00000000174d6fe0:   0000000000000108 0000000003155866
0x00000000174d6ff0:   000000000000061a 0000000016ec4000
0x00000000174d7000:   00000000174d7130 000000001d0b0f28
0x00000000174d7010:   0000000000200020 00000000031559d4
0x00000000174d7020:   000000001d0b0f28 0000000000000108
0x00000000174d7030:   0000000000000000 00000000174d70d0
0x00000000174d7040:   0000000000000188 00000000000000c4
0x00000000174d7050:   0000000000000001 000000000033feff
0x00000000174d7060:   00000000001b0001 00000000174d70f0 

Instructions: (pc=0x000000005aaa58b9)
0x000000005aaa5899:   a9 00 00 00 30 74 08 48 8b cb e8 b8 cf 0f 00 c7
0x000000005aaa58a9:   83 70 02 00 00 06 00 00 00 80 3d b8 6a 6c 00 00
0x000000005aaa58b9:   48 8b 0f b8 10 00 00 00 ba 0c 00 00 00 0f 45 c2
0x000000005aaa58c9:   48 98 8b 3c 08 c7 83 70 02 00 00 07 00 00 00 83 


Register to memory mapping:

RAX=0x0000000000000000 is an unknown value
RBX=0x0000000016ec4000 is a thread
RCX=0x0000000000000400 is an unknown value
RDX=0x0000000000000000 is an unknown value
RSP=0x00000000174d6f70 is pointing into the stack for thread: 0x0000000016ec4000
RBP=0x0000000016ec41f8 is an unknown value
RSI=0x000000001d530080 is an unknown value
RDI=0x0000000000000000 is an unknown value
R8 =0x000000000000061a is an unknown value
R9 =0x000000001d530000 is an unknown value
R10=0x000000001a7e79f0 is an unknown value
R11=0x0000000000000000 is an unknown value
R12=0x0000000000000000 is an unknown value
R13=0x0000000000000000 is an unknown value
R14=0x0000000000000165 is an unknown value
R15=0x0000000016ec4000 is a thread


Stack: [0x00000000173e0000,0x00000000174e0000],  sp=0x00000000174d6f70,  free space=987k
Native frames: (J=compiled Java code, j=interpreted, Vv=VM code, C=native code)
V  [jvm.dll+0x1458b9]
C  [dpuareu_jni.dll+0x13ae]
C  0x00000000031559d4

Java frames: (J=compiled Java code, j=interpreted, Vv=VM code)
j  com.digitalpersona.uareu.jni.Dpfj.DpfjCreateFmdFromRaw([BIIIIIILcom/digitalpersona/uareu/dpfj/FmdImpl;)I+0
j  com.digitalpersona.uareu.jni.Dpfj.create_fmd_from_raw([BIIIIILcom/digitalpersona/uareu/Fmd$Format;)Lcom/digitalpersona/uareu/Fmd;+33
j  com.digitalpersona.uareu.dpfj.EngineImpl.CreateFmd([BIIIIILcom/digitalpersona/uareu/Fmd$Format;)Lcom/digitalpersona/uareu/Fmd;+15
j  classes.Captura.actionPerformed(Ljava/awt/event/ActionEvent;)V+717
j  classes.CaptureThread$1.run()V+11
J 1299 C1 java.awt.event.InvocationEvent.dispatch()V (69 bytes) @ 0x000000000359a554 [0x000000000359a340+0x214]
J 1215 C1 java.awt.EventQueue.dispatchEventImpl(Ljava/awt/AWTEvent;Ljava/lang/Object;)V (149 bytes) @ 0x00000000035370c4 [0x0000000003535600+0x1ac4]
J 1170 C1 java.awt.EventQueue$3.run()Ljava/lang/Void; (60 bytes) @ 0x000000000350bccc [0x000000000350bac0+0x20c]
J 1169 C1 java.awt.EventQueue$3.run()Ljava/lang/Object; (5 bytes) @ 0x000000000350c3cc [0x000000000350c340+0x8c]
v  ~StubRoutines::call_stub
J 1013  java.security.AccessController.doPrivileged(Ljava/security/PrivilegedAction;Ljava/security/AccessControlContext;)Ljava/lang/Object; (0 bytes) @ 0x000000000347c266 [0x000000000347c200+0x66]
J 1168 C1 java.awt.EventQueue.dispatchEvent(Ljava/awt/AWTEvent;)V (80 bytes) @ 0x0000000003511344 [0x00000000035109c0+0x984]
J 1178 C1 java.awt.EventDispatchThread.pumpOneEventForFilters(I)V (295 bytes) @ 0x00000000035171a4 [0x0000000003515640+0x1b64]
j  java.awt.EventDispatchThread.pumpEventsForFilter(ILjava/awt/Conditional;Ljava/awt/EventFilter;)V+35
j  java.awt.EventDispatchThread.pumpEventsForFilter(Ljava/awt/Conditional;Ljava/awt/EventFilter;)V+4
j  java.awt.WaitDispatchSupport$2.run()V+59
j  java.awt.WaitDispatchSupport$4.run()Ljava/lang/Void;+4
j  java.awt.WaitDispatchSupport$4.run()Ljava/lang/Object;+1
v  ~StubRoutines::call_stub
J 618  java.security.AccessController.doPrivileged(Ljava/security/PrivilegedAction;)Ljava/lang/Object; (0 bytes) @ 0x0000000003397712 [0x00000000033976c0+0x52]
j  java.awt.WaitDispatchSupport.enter()Z+279
j  java.awt.Dialog.show()V+233
j  java.awt.Component.show(Z)V+5
j  java.awt.Component.setVisible(Z)V+2
j  java.awt.Window.setVisible(Z)V+2
j  java.awt.Dialog.setVisible(Z)V+2
j  classes.Captura.doModal(Ljavax/swing/JDialog;)V+106
j  classes.Captura.Run(Lcom/digitalpersona/uareu/Reader;Z)V+25
j  classes.RegistroHuella.actionPerformed(Ljava/awt/event/ActionEvent;)V+180
j  javax.swing.AbstractButton.fireActionPerformed(Ljava/awt/event/ActionEvent;)V+83
j  javax.swing.AbstractButton$Handler.actionPerformed(Ljava/awt/event/ActionEvent;)V+5
j  javax.swing.DefaultButtonModel.fireActionPerformed(Ljava/awt/event/ActionEvent;)V+34
j  javax.swing.DefaultButtonModel.setPressed(Z)V+117
j  javax.swing.plaf.basic.BasicButtonListener.mouseReleased(Ljava/awt/event/MouseEvent;)V+35
j  java.awt.AWTEventMulticaster.mouseReleased(Ljava/awt/event/MouseEvent;)V+8
j  java.awt.Component.processMouseEvent(Ljava/awt/event/MouseEvent;)V+64
j  javax.swing.JComponent.processMouseEvent(Ljava/awt/event/MouseEvent;)V+23
j  java.awt.Component.processEvent(Ljava/awt/AWTEvent;)V+81
j  java.awt.Container.processEvent(Ljava/awt/AWTEvent;)V+18
j  java.awt.Component.dispatchEventImpl(Ljava/awt/AWTEvent;)V+589
j  java.awt.Container.dispatchEventImpl(Ljava/awt/AWTEvent;)V+42
j  java.awt.Component.dispatchEvent(Ljava/awt/AWTEvent;)V+2
j  java.awt.LightweightDispatcher.retargetMouseEvent(Ljava/awt/Component;ILjava/awt/event/MouseEvent;)V+327
j  java.awt.LightweightDispatcher.processMouseEvent(Ljava/awt/event/MouseEvent;)Z+155
j  java.awt.LightweightDispatcher.dispatchEvent(Ljava/awt/AWTEvent;)Z+50
j  java.awt.Container.dispatchEventImpl(Ljava/awt/AWTEvent;)V+12
j  java.awt.Window.dispatchEventImpl(Ljava/awt/AWTEvent;)V+19
j  java.awt.Component.dispatchEvent(Ljava/awt/AWTEvent;)V+2
j  java.awt.EventQueue.dispatchEventImpl(Ljava/awt/AWTEvent;Ljava/lang/Object;)V+41
j  java.awt.EventQueue.access$500(Ljava/awt/EventQueue;Ljava/awt/AWTEvent;Ljava/lang/Object;)V+3
j  java.awt.EventQueue$3.run()Ljava/lang/Void;+32
j  java.awt.EventQueue$3.run()Ljava/lang/Object;+1
v  ~StubRoutines::call_stub
J 1013  java.security.AccessController.doPrivileged(Ljava/security/PrivilegedAction;Ljava/security/AccessControlContext;)Ljava/lang/Object; (0 bytes) @ 0x000000000347c266 [0x000000000347c200+0x66]
J 1014 C1 java.security.ProtectionDomain$JavaSecurityAccessImpl.doIntersectionPrivilege(Ljava/security/PrivilegedAction;Ljava/security/AccessControlContext;Ljava/security/AccessControlContext;)Ljava/lang/Object; (22 bytes) @ 0x000000000347bb2c [0x000000000347b6c0+0x46c]
j  java.security.ProtectionDomain$JavaSecurityAccessImpl.doIntersectionPrivilege(Ljava/security/PrivilegedAction;Ljava/security/AccessControlContext;)Ljava/lang/Object;+6
j  java.awt.EventQueue$4.run()Ljava/lang/Void;+11
j  java.awt.EventQueue$4.run()Ljava/lang/Object;+1
v  ~StubRoutines::call_stub
J 1013  java.security.AccessController.doPrivileged(Ljava/security/PrivilegedAction;Ljava/security/AccessControlContext;)Ljava/lang/Object; (0 bytes) @ 0x000000000347c266 [0x000000000347c200+0x66]
J 1014 C1 java.security.ProtectionDomain$JavaSecurityAccessImpl.doIntersectionPrivilege(Ljava/security/PrivilegedAction;Ljava/security/AccessControlContext;Ljava/security/AccessControlContext;)Ljava/lang/Object; (22 bytes) @ 0x000000000347bb2c [0x000000000347b6c0+0x46c]
j  java.awt.EventQueue.dispatchEvent(Ljava/awt/AWTEvent;)V+73
j  java.awt.EventDispatchThread.pumpOneEventForFilters(I)V+245
j  java.awt.EventDispatchThread.pumpEventsForFilter(ILjava/awt/Conditional;Ljava/awt/EventFilter;)V+35
j  java.awt.EventDispatchThread.pumpEventsForFilter(Ljava/awt/Conditional;Ljava/awt/EventFilter;)V+4
j  java.awt.WaitDispatchSupport$2.run()V+59
j  java.awt.WaitDispatchSupport$4.run()Ljava/lang/Void;+4
j  java.awt.WaitDispatchSupport$4.run()Ljava/lang/Object;+1
v  ~StubRoutines::call_stub
J 618  java.security.AccessController.doPrivileged(Ljava/security/PrivilegedAction;)Ljava/lang/Object; (0 bytes) @ 0x0000000003397712 [0x00000000033976c0+0x52]
j  java.awt.WaitDispatchSupport.enter()Z+279
j  java.awt.Dialog.show()V+233
j  java.awt.Component.show(Z)V+5
j  java.awt.Component.setVisible(Z)V+2
j  java.awt.Window.setVisible(Z)V+2
j  java.awt.Dialog.setVisible(Z)V+2
j  classes.RegistroHuella.run(Lcom/digitalpersona/uareu/Reader;Z)V+15
j  classes.Principal.actionPerformed(Ljava/awt/event/ActionEvent;)V+102
j  javax.swing.AbstractButton.fireActionPerformed(Ljava/awt/event/ActionEvent;)V+83
j  javax.swing.AbstractButton$Handler.actionPerformed(Ljava/awt/event/ActionEvent;)V+5
j  javax.swing.DefaultButtonModel.fireActionPerformed(Ljava/awt/event/ActionEvent;)V+34
j  javax.swing.DefaultButtonModel.setPressed(Z)V+117
j  javax.swing.plaf.basic.BasicButtonListener.mouseReleased(Ljava/awt/event/MouseEvent;)V+35
j  java.awt.Component.processMouseEvent(Ljava/awt/event/MouseEvent;)V+64
j  javax.swing.JComponent.processMouseEvent(Ljava/awt/event/MouseEvent;)V+23
j  java.awt.Component.processEvent(Ljava/awt/AWTEvent;)V+81
j  java.awt.Container.processEvent(Ljava/awt/AWTEvent;)V+18
j  java.awt.Component.dispatchEventImpl(Ljava/awt/AWTEvent;)V+589
j  java.awt.Container.dispatchEventImpl(Ljava/awt/AWTEvent;)V+42
j  java.awt.Component.dispatchEvent(Ljava/awt/AWTEvent;)V+2
j  java.awt.LightweightDispatcher.retargetMouseEvent(Ljava/awt/Component;ILjava/awt/event/MouseEvent;)V+327
j  java.awt.LightweightDispatcher.processMouseEvent(Ljava/awt/event/MouseEvent;)Z+155
j  java.awt.LightweightDispatcher.dispatchEvent(Ljava/awt/AWTEvent;)Z+50
j  java.awt.Container.dispatchEventImpl(Ljava/awt/AWTEvent;)V+12
j  java.awt.Window.dispatchEventImpl(Ljava/awt/AWTEvent;)V+19
j  java.awt.Component.dispatchEvent(Ljava/awt/AWTEvent;)V+2
j  java.awt.EventQueue.dispatchEventImpl(Ljava/awt/AWTEvent;Ljava/lang/Object;)V+41
j  java.awt.EventQueue.access$500(Ljava/awt/EventQueue;Ljava/awt/AWTEvent;Ljava/lang/Object;)V+3
j  java.awt.EventQueue$3.run()Ljava/lang/Void;+32
j  java.awt.EventQueue$3.run()Ljava/lang/Object;+1
v  ~StubRoutines::call_stub
j  java.security.AccessController.doPrivileged(Ljava/security/PrivilegedAction;Ljava/security/AccessControlContext;)Ljava/lang/Object;+0
j  java.security.ProtectionDomain$JavaSecurityAccessImpl.doIntersectionPrivilege(Ljava/security/PrivilegedAction;Ljava/security/AccessControlContext;Ljava/security/AccessControlContext;)Ljava/lang/Object;+18
j  java.security.ProtectionDomain$JavaSecurityAccessImpl.doIntersectionPrivilege(Ljava/security/PrivilegedAction;Ljava/security/AccessControlContext;)Ljava/lang/Object;+6
j  java.awt.EventQueue$4.run()Ljava/lang/Void;+11
j  java.awt.EventQueue$4.run()Ljava/lang/Object;+1
v  ~StubRoutines::call_stub
j  java.security.AccessController.doPrivileged(Ljava/security/PrivilegedAction;Ljava/security/AccessControlContext;)Ljava/lang/Object;+0
j  java.security.ProtectionDomain$JavaSecurityAccessImpl.doIntersectionPrivilege(Ljava/security/PrivilegedAction;Ljava/security/AccessControlContext;Ljava/security/AccessControlContext;)Ljava/lang/Object;+18
j  java.awt.EventQueue.dispatchEvent(Ljava/awt/AWTEvent;)V+73
j  java.awt.EventDispatchThread.pumpOneEventForFilters(I)V+245
j  java.awt.EventDispatchThread.pumpEventsForFilter(ILjava/awt/Conditional;Ljava/awt/EventFilter;)V+35
j  java.awt.EventDispatchThread.pumpEventsForHierarchy(ILjava/awt/Conditional;Ljava/awt/Component;)V+11
j  java.awt.EventDispatchThread.pumpEvents(ILjava/awt/Conditional;)V+4
j  java.awt.EventDispatchThread.pumpEvents(Ljava/awt/Conditional;)V+3
j  java.awt.EventDispatchThread.run()V+9
v  ~StubRoutines::call_stub

---------------  P R O C E S S  ---------------

Java Threads: ( => current thread )
  0x0000000019546000 JavaThread "TimerQueue" daemon [_thread_blocked, id=7084, stack(0x000000001d230000,0x000000001d330000)]
  0x00000000193e5800 JavaThread "Abandoned connection cleanup thread" daemon [_thread_blocked, id=12016, stack(0x000000001c560000,0x000000001c660000)]
  0x00000000192fe000 JavaThread "D3D Screen Updater" daemon [_thread_blocked, id=8036, stack(0x000000001add0000,0x000000001aed0000)]
  0x000000000183d800 JavaThread "DestroyJavaVM" [_thread_blocked, id=5232, stack(0x0000000001730000,0x0000000001830000)]
=>0x0000000016ec4000 JavaThread "AWT-EventQueue-0" [_thread_in_vm, id=10268, stack(0x00000000173e0000,0x00000000174e0000)]
  0x0000000016ebe800 JavaThread "AWT-Windows" daemon [_thread_in_native, id=948, stack(0x0000000017220000,0x0000000017320000)]
  0x0000000016ebc000 JavaThread "AWT-Shutdown" [_thread_blocked, id=10140, stack(0x0000000017120000,0x0000000017220000)]
  0x0000000016eb8800 JavaThread "Java2D Disposer" daemon [_thread_blocked, id=1084, stack(0x0000000017020000,0x0000000017120000)]
  0x000000001563d800 JavaThread "Service Thread" daemon [_thread_blocked, id=9720, stack(0x00000000168f0000,0x00000000169f0000)]
  0x00000000155f2800 JavaThread "C1 CompilerThread1" daemon [_thread_blocked, id=11924, stack(0x00000000167f0000,0x00000000168f0000)]
  0x00000000155ca800 JavaThread "C2 CompilerThread0" daemon [_thread_blocked, id=8832, stack(0x00000000166f0000,0x00000000167f0000)]
  0x00000000155c9000 JavaThread "Attach Listener" daemon [_thread_blocked, id=10428, stack(0x00000000165f0000,0x00000000166f0000)]
  0x00000000155c6000 JavaThread "Signal Dispatcher" daemon [_thread_blocked, id=9880, stack(0x00000000164f0000,0x00000000165f0000)]
  0x00000000155b8800 JavaThread "Finalizer" daemon [_thread_blocked, id=10288, stack(0x0000000016200000,0x0000000016300000)]
  0x000000000312e000 JavaThread "Reference Handler" daemon [_thread_blocked, id=9544, stack(0x0000000016100000,0x0000000016200000)]

Other Threads:
  0x0000000015596000 VMThread [stack: 0x0000000016000000,0x0000000016100000] [id=11504]
  0x000000001564c000 WatcherThread [stack: 0x00000000169f0000,0x0000000016af0000] [id=8116]

VM state:not at safepoint (normal execution)

VM Mutex/Monitor currently owned by a thread: None

Heap:
 PSYoungGen      total 18944K, used 7876K [0x00000000eab00000, 0x00000000ec000000, 0x0000000100000000)
  eden space 16384K, 32% used [0x00000000eab00000,0x00000000eb036c58,0x00000000ebb00000)
  from space 2560K, 99% used [0x00000000ebb00000,0x00000000ebd7a630,0x00000000ebd80000)
  to   space 2560K, 0% used [0x00000000ebd80000,0x00000000ebd80000,0x00000000ec000000)
 ParOldGen       total 44032K, used 3285K [0x00000000c0000000, 0x00000000c2b00000, 0x00000000eab00000)
  object space 44032K, 7% used [0x00000000c0000000,0x00000000c0335520,0x00000000c2b00000)
 Metaspace       used 17165K, capacity 17496K, committed 17920K, reserved 1064960K
  class space    used 2094K, capacity 2203K, committed 2304K, reserved 1048576K

Card table byte_map: [0x0000000012500000,0x0000000012710000] byte_map_base: 0x0000000011f00000

Marking Bits: (ParMarkBitMap*) 0x000000005b17b6d0
 Begin Bits: [0x0000000012a70000, 0x0000000013a70000)
 End Bits:   [0x0000000013a70000, 0x0000000014a70000)

Polling page: 0x00000000013f0000

CodeCache: size=245760Kb used=4928Kb max_used=4940Kb free=240831Kb
 bounds [0x0000000003140000, 0x0000000003620000, 0x0000000012140000]
 total_blobs=2067 nmethods=1469 adapters=512
 compilation: enabled

Compilation events (10 events):
Event: 32.245 Thread 0x00000000155f2800 1465       3       javax.swing.RepaintManager::currentManager (5 bytes)
Event: 32.245 Thread 0x00000000155f2800 nmethod 1465 0x000000000360fb50 code [0x000000000360fcc0, 0x000000000360feb8]
Event: 32.245 Thread 0x00000000155f2800 1466       3       javax.swing.RepaintManager::currentManager (7 bytes)
Event: 32.245 Thread 0x00000000155f2800 nmethod 1466 0x000000000360ff90 code [0x0000000003610100, 0x0000000003610298]
Event: 32.332 Thread 0x00000000155ca800 1467       4       java.awt.Container::findComponentAtImpl (161 bytes)
Event: 32.351 Thread 0x00000000155ca800 nmethod 1467 0x0000000003613950 code [0x0000000003613b40, 0x00000000036144a8]
Event: 32.545 Thread 0x00000000155f2800 1468       1       sun.awt.windows.WObjectPeer::getTarget (5 bytes)
Event: 32.545 Thread 0x00000000155f2800 nmethod 1468 0x0000000003613690 code [0x00000000036137e0, 0x00000000036138f0]
Event: 32.612 Thread 0x00000000155f2800 1469       1       sun.awt.util.IdentityArrayList::size (5 bytes)
Event: 32.612 Thread 0x00000000155f2800 nmethod 1469 0x00000000036133d0 code [0x0000000003613520, 0x0000000003613630]

GC Heap History (2 events):
Event: 3.299 GC heap before
{Heap before GC invocations=1 (full 0):
 PSYoungGen      total 18944K, used 16193K [0x00000000eab00000, 0x00000000ec000000, 0x0000000100000000)
  eden space 16384K, 98% used [0x00000000eab00000,0x00000000ebad04b0,0x00000000ebb00000)
  from space 2560K, 0% used [0x00000000ebd80000,0x00000000ebd80000,0x00000000ec000000)
  to   space 2560K, 0% used [0x00000000ebb00000,0x00000000ebb00000,0x00000000ebd80000)
 ParOldGen       total 44032K, used 0K [0x00000000c0000000, 0x00000000c2b00000, 0x00000000eab00000)
  object space 44032K, 0% used [0x00000000c0000000,0x00000000c0000000,0x00000000c2b00000)
 Metaspace       used 16374K, capacity 16658K, committed 17024K, reserved 1064960K
  class space    used 2033K, capacity 2138K, committed 2176K, reserved 1048576K
Event: 3.314 GC heap after
Heap after GC invocations=1 (full 0):
 PSYoungGen      total 18944K, used 2537K [0x00000000eab00000, 0x00000000ec000000, 0x0000000100000000)
  eden space 16384K, 0% used [0x00000000eab00000,0x00000000eab00000,0x00000000ebb00000)
  from space 2560K, 99% used [0x00000000ebb00000,0x00000000ebd7a630,0x00000000ebd80000)
  to   space 2560K, 0% used [0x00000000ebd80000,0x00000000ebd80000,0x00000000ec000000)
 ParOldGen       total 44032K, used 3285K [0x00000000c0000000, 0x00000000c2b00000, 0x00000000eab00000)
  object space 44032K, 7% used [0x00000000c0000000,0x00000000c0335520,0x00000000c2b00000)
 Metaspace       used 16374K, capacity 16658K, committed 17024K, reserved 1064960K
  class space    used 2033K, capacity 2138K, committed 2176K, reserved 1048576K
}

Deoptimization events (6 events):
Event: 0.522 Thread 0x0000000016ec4000 Uncommon trap: reason=class_check action=maybe_recompile pc=0x00000000032bce28 method=java.lang.String.equals(Ljava/lang/Object;)Z @ 8
Event: 0.523 Thread 0x0000000016ec4000 Uncommon trap: reason=class_check action=maybe_recompile pc=0x00000000032bce28 method=java.lang.String.equals(Ljava/lang/Object;)Z @ 8
Event: 0.523 Thread 0x0000000016ec4000 Uncommon trap: reason=class_check action=maybe_recompile pc=0x00000000032bce28 method=java.lang.String.equals(Ljava/lang/Object;)Z @ 8
Event: 0.525 Thread 0x0000000016ec4000 Uncommon trap: reason=class_check action=maybe_recompile pc=0x00000000032bce28 method=java.lang.String.equals(Ljava/lang/Object;)Z @ 8
Event: 1.802 Thread 0x0000000016ec4000 Uncommon trap: reason=unstable_if action=reinterpret pc=0x000000000341a638 method=java.lang.String.indexOf([CII[CIII)I @ 3
Event: 4.164 Thread 0x0000000016ec4000 Uncommon trap: reason=unstable_if action=reinterpret pc=0x000000000351cb10 method=java.awt.Component.inside(II)Z @ 13

Internal exceptions (10 events):
Event: 0.068 Thread 0x000000000183d800 Exception <a 'java/lang/NoSuchMethodError': Method sun.misc.Unsafe.defineClass(Ljava/lang/String;[BII)Ljava/lang/Class; name or signature does not match> (0x00000000eab07ca8) thrown at [C:\re\workspace\8-2-build-windows-amd64-cygwin\jdk8u121\8372\hotspot\
Event: 0.068 Thread 0x000000000183d800 Exception <a 'java/lang/NoSuchMethodError': Method sun.misc.Unsafe.prefetchRead(Ljava/lang/Object;J)V name or signature does not match> (0x00000000eab07f90) thrown at [C:\re\workspace\8-2-build-windows-amd64-cygwin\jdk8u121\8372\hotspot\src\share\vm\prims
Event: 0.192 Thread 0x000000000183d800 Exception <a 'java/security/PrivilegedActionException'> (0x00000000eabfa698) thrown at [C:\re\workspace\8-2-build-windows-amd64-cygwin\jdk8u121\8372\hotspot\src\share\vm\prims\jvm.cpp, line 1390]
Event: 0.192 Thread 0x000000000183d800 Exception <a 'java/security/PrivilegedActionException'> (0x00000000eabfa8a8) thrown at [C:\re\workspace\8-2-build-windows-amd64-cygwin\jdk8u121\8372\hotspot\src\share\vm\prims\jvm.cpp, line 1390]
Event: 0.193 Thread 0x000000000183d800 Exception <a 'java/security/PrivilegedActionException'> (0x00000000eabfe7b8) thrown at [C:\re\workspace\8-2-build-windows-amd64-cygwin\jdk8u121\8372\hotspot\src\share\vm\prims\jvm.cpp, line 1390]
Event: 0.193 Thread 0x000000000183d800 Exception <a 'java/security/PrivilegedActionException'> (0x00000000eabfe9c8) thrown at [C:\re\workspace\8-2-build-windows-amd64-cygwin\jdk8u121\8372\hotspot\src\share\vm\prims\jvm.cpp, line 1390]
Event: 0.198 Thread 0x000000000183d800 Exception <a 'java/io/FileNotFoundException'> (0x00000000eac00f88) thrown at [C:\re\workspace\8-2-build-windows-amd64-cygwin\jdk8u121\8372\hotspot\src\share\vm\prims\jni.cpp, line 709]
Event: 0.241 Thread 0x000000000183d800 Exception <a 'java/lang/NoSuchFieldError': method resolution failed> (0x00000000eacce7a8) thrown at [C:\re\workspace\8-2-build-windows-amd64-cygwin\jdk8u121\8372\hotspot\src\share\vm\prims\methodHandles.cpp, line 1146]
Event: 0.251 Thread 0x000000000183d800 Exception <a 'java/lang/NoSuchFieldError': method resolution failed> (0x00000000eacdbb78) thrown at [C:\re\workspace\8-2-build-windows-amd64-cygwin\jdk8u121\8372\hotspot\src\share\vm\prims\methodHandles.cpp, line 1146]
Event: 0.326 Thread 0x0000000016ec4000 Exception <a 'java/io/FileNotFoundException'> (0x00000000eadefbe0) thrown at [C:\re\workspace\8-2-build-windows-amd64-cygwin\jdk8u121\8372\hotspot\src\share\vm\prims\jni.cpp, line 709]

Events (10 events):
Event: 10.872 Executing VM operation: RevokeBias done
Event: 10.873 Executing VM operation: RevokeBias
Event: 10.873 Executing VM operation: RevokeBias done
Event: 10.892 Executing VM operation: RevokeBias
Event: 10.892 Executing VM operation: RevokeBias done
Event: 10.901 Executing VM operation: BulkRevokeBias
Event: 10.901 Executing VM operation: BulkRevokeBias done
Event: 15.864 Executing VM operation: RevokeBias
Event: 15.865 Executing VM operation: RevokeBias done
Event: 15.865 Thread 0x0000000019549000 Thread exited: 0x0000000019549000


Dynamic libraries:
0x00007ff6f9df0000 - 0x00007ff6f9e27000 	C:\Program Files\Java\jdk1.8.0_121\bin\javaw.exe
0x00007fff50720000 - 0x00007fff508fb000 	C:\WINDOWS\SYSTEM32\ntdll.dll
0x00007fff4ecf0000 - 0x00007fff4ed9e000 	C:\WINDOWS\System32\KERNEL32.DLL
0x00007fff4d080000 - 0x00007fff4d2c9000 	C:\WINDOWS\System32\KERNELBASE.dll
0x00007fff4dc80000 - 0x00007fff4dd21000 	C:\WINDOWS\System32\ADVAPI32.dll
0x00007fff4ddf0000 - 0x00007fff4de8d000 	C:\WINDOWS\System32\msvcrt.dll
0x00007fff4eb00000 - 0x00007fff4eb59000 	C:\WINDOWS\System32\sechost.dll
0x00007fff4f0a0000 - 0x00007fff4f1c5000 	C:\WINDOWS\System32\RPCRT4.dll
0x00007fff4ee00000 - 0x00007fff4ef4a000 	C:\WINDOWS\System32\USER32.dll
0x00007fff4d060000 - 0x00007fff4d07e000 	C:\WINDOWS\System32\win32u.dll
0x00007fff4ead0000 - 0x00007fff4eaf7000 	C:\WINDOWS\System32\GDI32.dll
0x00007fff4daf0000 - 0x00007fff4dc77000 	C:\WINDOWS\System32\gdi32full.dll
0x00007fff4ce10000 - 0x00007fff4ceaa000 	C:\WINDOWS\System32\msvcp_win.dll
0x00007fff4cf60000 - 0x00007fff4d056000 	C:\WINDOWS\System32\ucrtbase.dll
0x00007fff3f500000 - 0x00007fff3f767000 	C:\WINDOWS\WinSxS\amd64_microsoft.windows.common-controls_6595b64144ccf1df_6.0.15063.483_none_26002d27e7c744a2\COMCTL32.dll
0x00007fff4e170000 - 0x00007fff4e469000 	C:\WINDOWS\System32\combase.dll
0x00007fff4da80000 - 0x00007fff4daea000 	C:\WINDOWS\System32\bcryptPrimitives.dll
0x00007fff4e140000 - 0x00007fff4e16d000 	C:\WINDOWS\System32\IMM32.DLL
0x000000005b200000 - 0x000000005b2d2000 	C:\Program Files\Java\jdk1.8.0_121\jre\bin\msvcr100.dll
0x000000005a960000 - 0x000000005b1fb000 	C:\Program Files\Java\jdk1.8.0_121\jre\bin\server\jvm.dll
0x00007fff4ecd0000 - 0x00007fff4ecd8000 	C:\WINDOWS\System32\PSAPI.DLL
0x00007fff43330000 - 0x00007fff43339000 	C:\WINDOWS\SYSTEM32\WSOCK32.dll
0x00007fff50610000 - 0x00007fff5067c000 	C:\WINDOWS\System32\WS2_32.dll
0x00007fff43cc0000 - 0x00007fff43ce3000 	C:\WINDOWS\SYSTEM32\WINMM.dll
0x00007fff45ea0000 - 0x00007fff45eaa000 	C:\WINDOWS\SYSTEM32\VERSION.dll
0x00007fff43c90000 - 0x00007fff43cbb000 	C:\WINDOWS\SYSTEM32\WINMMBASE.dll
0x00007fff4da30000 - 0x00007fff4da79000 	C:\WINDOWS\System32\cfgmgr32.dll
0x000000005a950000 - 0x000000005a95f000 	C:\Program Files\Java\jdk1.8.0_121\jre\bin\verify.dll
0x000000005a920000 - 0x000000005a949000 	C:\Program Files\Java\jdk1.8.0_121\jre\bin\java.dll
0x000000005a900000 - 0x000000005a916000 	C:\Program Files\Java\jdk1.8.0_121\jre\bin\zip.dll
0x00007fff4f1d0000 - 0x00007fff50607000 	C:\WINDOWS\System32\SHELL32.dll
0x00007fff4ebc0000 - 0x00007fff4ec6a000 	C:\WINDOWS\System32\shcore.dll
0x00007fff4d330000 - 0x00007fff4da21000 	C:\WINDOWS\System32\windows.storage.dll
0x00007fff4ec70000 - 0x00007fff4ecc1000 	C:\WINDOWS\System32\shlwapi.dll
0x00007fff4cb90000 - 0x00007fff4cba1000 	C:\WINDOWS\System32\kernel.appcore.dll
0x00007fff4cbb0000 - 0x00007fff4cbfc000 	C:\WINDOWS\System32\powrprof.dll
0x00007fff4cc20000 - 0x00007fff4cc35000 	C:\WINDOWS\System32\profapi.dll
0x000000005a760000 - 0x000000005a8f8000 	C:\Program Files\Java\jdk1.8.0_121\jre\bin\awt.dll
0x00007fff4dd30000 - 0x00007fff4ddf0000 	C:\WINDOWS\System32\OLEAUT32.dll
0x00007fff4b5c0000 - 0x00007fff4b63e000 	C:\WINDOWS\SYSTEM32\apphelp.dll
0x00007fff4b770000 - 0x00007fff4b805000 	C:\WINDOWS\system32\uxtheme.dll
0x00007fff4dea0000 - 0x00007fff4e006000 	C:\WINDOWS\System32\MSCTF.dll
0x00007fff3fbd0000 - 0x00007fff3fbfa000 	C:\WINDOWS\system32\dwmapi.dll
0x00007fff4ef50000 - 0x00007fff4f095000 	C:\WINDOWS\System32\ole32.dll
0x00007fff25360000 - 0x00007fff25481000 	C:\WINDOWS\system32\opengl32.dll
0x00007fff3a100000 - 0x00007fff3a12c000 	C:\WINDOWS\SYSTEM32\GLU32.dll
0x00007fff1f1e0000 - 0x00007fff1f369000 	C:\WINDOWS\system32\d3d9.dll
0x00007fff0af60000 - 0x00007fff0c016000 	C:\WINDOWS\SYSTEM32\nvd3dumx.dll
0x00007fff37880000 - 0x00007fff379ec000 	C:\Program Files (x86)\NVIDIA Corporation\3D Vision\nvSCPAPI64.dll
0x00007fff4e610000 - 0x00007fff4ea4b000 	C:\WINDOWS\System32\SETUPAPI.dll
0x00007fff3c350000 - 0x00007fff3c686000 	C:\WINDOWS\system32\nvapi64.dll
0x00007fff4b660000 - 0x00007fff4b688000 	C:\WINDOWS\SYSTEM32\DEVOBJ.dll
0x00007fff4d2d0000 - 0x00007fff4d326000 	C:\WINDOWS\System32\WINTRUST.dll
0x00007fff4cc00000 - 0x00007fff4cc11000 	C:\WINDOWS\System32\MSASN1.dll
0x00007fff4cc40000 - 0x00007fff4ce09000 	C:\WINDOWS\System32\CRYPT32.dll
0x00007fff4bba0000 - 0x00007fff4bc44000 	C:\WINDOWS\system32\dxgi.dll
0x000000005a710000 - 0x000000005a757000 	C:\Program Files\Java\jdk1.8.0_121\jre\bin\fontmanager.dll
0x000000005a6f0000 - 0x000000005a70a000 	C:\Program Files\Java\jdk1.8.0_121\jre\bin\net.dll
0x00007fff4c440000 - 0x00007fff4c49c000 	C:\WINDOWS\system32\mswsock.dll
0x000000005a6d0000 - 0x000000005a6e1000 	C:\Program Files\Java\jdk1.8.0_121\jre\bin\nio.dll
0x000000005a680000 - 0x000000005a6c2000 	C:\Program Files\Java\jdk1.8.0_121\jre\bin\t2k.dll
0x00007fff34900000 - 0x00007fff34926000 	C:\Program Files\DigitalPersona\U.are.U SDK\Windows\Lib\x64\dpuareu_jni.dll
0x00007fff252e0000 - 0x00007fff25353000 	C:\WINDOWS\SYSTEM32\dpfj.dll
0x00007fff25c60000 - 0x00007fff25c84000 	C:\WINDOWS\SYSTEM32\dpfpdd.dll
0x0000000180000000 - 0x000000018008d000 	C:\WINDOWS\SYSTEM32\DPFPApi.DLL
0x00007fff4cac0000 - 0x00007fff4cae9000 	C:\WINDOWS\SYSTEM32\USERENV.dll
0x0000000018a60000 - 0x0000000018aac000 	C:\WINDOWS\system32\DPCLBACK.dll
0x00007fff45f10000 - 0x00007fff45f27000 	C:\WINDOWS\SYSTEM32\NETAPI32.dll
0x00007fff4c2d0000 - 0x00007fff4c2dd000 	C:\WINDOWS\SYSTEM32\NETUTILS.DLL
0x00007fff4bda0000 - 0x00007fff4bdd1000 	C:\WINDOWS\SYSTEM32\ntmarta.dll
0x00007fff4c5e0000 - 0x00007fff4c5f7000 	C:\WINDOWS\SYSTEM32\CRYPTSP.dll
0x00007fff4c060000 - 0x00007fff4c094000 	C:\WINDOWS\system32\rsaenh.dll
0x00007fff4c750000 - 0x00007fff4c775000 	C:\WINDOWS\SYSTEM32\bcrypt.dll
0x00007fff4c600000 - 0x00007fff4c60b000 	C:\WINDOWS\SYSTEM32\CRYPTBASE.dll
0x00007fff376e0000 - 0x00007fff37762000 	C:\WINDOWS\System32\TextInputFramework.dll
0x00007fff43df0000 - 0x00007fff440c2000 	C:\WINDOWS\System32\CoreUIComponents.dll
0x00007fff4b000000 - 0x00007fff4b0e3000 	C:\WINDOWS\System32\CoreMessaging.dll
0x00007fff48230000 - 0x00007fff48369000 	C:\WINDOWS\SYSTEM32\wintypes.dll
0x00007fff461c0000 - 0x00007fff461d5000 	C:\WINDOWS\SYSTEM32\usermgrcli.dll
0x000000005a640000 - 0x000000005a671000 	C:\Program Files\Java\jdk1.8.0_121\jre\bin\jpeg.dll
0x00007fff46670000 - 0x00007fff46819000 	C:\WINDOWS\SYSTEM32\dbghelp.dll

VM Arguments:
jvm_args: -Djava.library.path=C:\Program Files\DigitalPersona\U.are.U SDK\Windows\Lib\x64 -Dfile.encoding=Cp1252 
java_command: classes.Principal
java_class_path (initial): C:\eclipse\git\controlHuella\bin;C:\Program Files\DigitalPersona\U.are.U SDK\Windows\Lib\Java\dpuareu.jar;C:\eclipse\git\controlHuella\src\dpuareu.jar;C:\eclipse\git\controlHuella\jgoodies-forms-1.8.0.jar;C:\eclipse\git\controlHuella\jcalendar-1.4.jar;C:\eclipse\jcalendar-1.4\lib\jcalendar-1.4.jar;C:\eclipse\jcalendar-1.4\lib\jgoodies-common-1.2.0.jar;C:\eclipse\jcalendar-1.4\lib\jgoodies-looks-2.4.1.jar;C:\eclipse\jcalendar-1.4\lib\junit-4.6.jar;C:\Users\victo\Desktop\mysql-connector-java-5.1.34-bin.jar
Launcher Type: SUN_STANDARD

Environment Variables:
JAVA_HOME=C:\Program Files\Java\jdk1.7.0_79
CLASSPATH=C:\Program Files\Java\jdk1.7.0_79\src.zip
PATH=C:/Program Files/Java/jre1.8.0_121/bin/server;C:/Program Files/Java/jre1.8.0_121/bin;C:/Program Files/Java/jre1.8.0_121/lib/amd64;C:\ProgramData\Oracle\Java\javapath;C:\Program Files (x86)\NVIDIA Corporation\PhysX\Common;C:\WINDOWS\system32;C:\WINDOWS;C:\WINDOWS\System32\Wbem;C:\WINDOWS\System32\WindowsPowerShell\v1.0\;C:\Program Files\Java\jdk1.7.0_79\bin;C:\apache-maven-3.3.9\bin;C:\Program Files\Git\cmd;C:\Program Files (x86)\QuickTime\QTSystem\;C:\Program Files (x86)\Skype\Phone\;C:\Program Files\PuTTY\;C:\apache-maven-3.3.9-bin\apache-maven-3.3.9\bin;C:\Users\victo\AppData\Local\Microsoft\WindowsApps;;C:\Program Files (x86)\Diffuse;C:\eclipse;
USERNAME=victo
OS=Windows_NT
PROCESSOR_IDENTIFIER=Intel64 Family 6 Model 23 Stepping 10, GenuineIntel



---------------  S Y S T E M  ---------------

OS: Windows 10.0 , 64 bit Build 15063 (10.0.15063.296)

CPU:total 2 (2 cores per cpu, 1 threads per core) family 6 model 23 stepping 10, cmov, cx8, fxsr, mmx, sse, sse2, sse3, ssse3, sse4.1, tsc

Memory: 4k page, physical 4193268k(486500k free), swap 9408200k(1153880k free)

vm_info: Java HotSpot(TM) 64-Bit Server VM (25.121-b13) for windows-amd64 JRE (1.8.0_121-b13), built on Dec 12 2016 18:21:36 by "java_re" with MS VC++ 10.0 (VS2010)

time: Fri Jan 05 18:07:44 2018
elapsed time: 32 seconds (0d 0h 0m 32s)

